MovieApp/MovieApp/app/build/intermediates/manifest_merge_blame_file/debug/processDebugMainManifest/manifest-merger-blame-debug-report.txt
1<?xml version="1.0" encoding="utf-8"?>
2<manifest xmlns:android="http://schemas.android.com/apk/res/android"
3    package="com.example.movieapp"
4    android:versionCode="1"
5    android:versionName="1.0" >
6
7    <uses-sdk
8        android:minSdkVersion="28"
9        android:targetSdkVersion="34" />
10
11    <uses-permission android:name="android.permission.INTERNET" />
11-->src\main\AndroidManifest.xml:5:5-67
11-->src\main\AndroidManifest.xml:5:22-64
12    <uses-permission android:name="android.permission.ACCESS_NETWORK_STATE" />
12-->src\main\AndroidManifest.xml:6:5-79
12-->src\main\AndroidManifest.xml:6:22-76
13    <uses-permission android:name="android.permission.SYSTEM_ALERT_WINDOW" />
13-->src\main\AndroidManifest.xml:7:5-78
13-->src\main\AndroidManifest.xml:7:22-75
14    <uses-permission android:name="android.permission.READ_EXTERNAL_STORAGE" />
14-->src\main\AndroidManifest.xml:8:5-80
14-->src\main\AndroidManifest.xml:8:22-77
15    <uses-permission android:name="android.permission.WRITE_EXTERNAL_STORAGE" />
15-->src\main\AndroidManifest.xml:9:5-81
15-->src\main\AndroidManifest.xml:9:22-78
16
17    <permission
17-->[androidx.core:core:1.9.0] AndroidManifest.xml:22:5-24:47
18        android:name="com.example.movieapp.DYNAMIC_RECEIVER_NOT_EXPORTED_PERMISSION"
18-->[androidx.core:core:1.9.0] AndroidManifest.xml:23:9-81
19        android:protectionLevel="signature" />
19-->[androidx.core:core:1.9.0] AndroidManifest.xml:24:9-44
20
21    <uses-permission android:name="com.example.movieapp.DYNAMIC_RECEIVER_NOT_EXPORTED_PERMISSION" />
21-->[androidx.core:core:1.9.0] AndroidManifest.xml:26:5-97
21-->[androidx.core:core:1.9.0] AndroidManifest.xml:26:22-94
22
23    <application
23-->src\main\AndroidManifest.xml:11:5-76:19
24        android:allowBackup="true"
24-->src\main\AndroidManifest.xml:12:9-35
25        android:appComponentFactory="androidx.core.app.CoreComponentFactory"
25-->[androidx.core:core:1.9.0] AndroidManifest.xml:28:18-86
26        android:dataExtractionRules="@xml/data_extraction_rules"
26-->src\main\AndroidManifest.xml:13:9-65
27        android:debuggable="true"
28        android:extractNativeLibs="false"
29        android:fullBackupContent="@xml/backup_rules"
29-->src\main\AndroidManifest.xml:14:9-54
30        android:icon="@mipmap/ic_logo_app"
30-->src\main\AndroidManifest.xml:15:9-43
31        android:label="@string/app_name"
31-->src\main\AndroidManifest.xml:16:9-41
32        android:roundIcon="@mipmap/ic_logo_app_round"
32-->src\main\AndroidManifest.xml:17:9-54
33        android:supportsRtl="true"
33-->src\main\AndroidManifest.xml:18:9-35
34        android:testOnly="true"
35        android:theme="@style/Theme.MovieApp"
35-->src\main\AndroidManifest.xml:19:9-46
36        android:usesCleartextTraffic="true" >
36-->src\main\AndroidManifest.xml:20:9-44
37        <activity
37-->src\main\AndroidManifest.xml:22:9-24:40
38            android:name="com.example.movieapp.activity.ChangePasswordActivity"
38-->src\main\AndroidManifest.xml:23:13-60
39            android:exported="false" />
39-->src\main\AndroidManifest.xml:24:13-37
40        <activity
40-->src\main\AndroidManifest.xml:25:9-27:40
41            android:name="com.example.movieapp.activity.OTPActivity"
41-->src\main\AndroidManifest.xml:26:13-49
42            android:exported="false" />
42-->src\main\AndroidManifest.xml:27:13-37
43        <activity
43-->src\main\AndroidManifest.xml:28:9-30:40
44            android:name="com.example.movieapp.activity.ResetPassSuccessActivity"
44-->src\main\AndroidManifest.xml:29:13-62
45            android:exported="false" />
45-->src\main\AndroidManifest.xml:30:13-37
46        <activity
46-->src\main\AndroidManifest.xml:31:9-33:40
47            android:name="com.example.movieapp.activity.ResetPasswordActivity"
47-->src\main\AndroidManifest.xml:32:13-59
48            android:exported="false" />
48-->src\main\AndroidManifest.xml:33:13-37
49        <!-- <activity -->
50        <!-- android:name=".OTPVerifyActivity" -->
51        <!-- android:exported="false" /> -->
52        <activity
52-->src\main\AndroidManifest.xml:37:9-42:64
53            android:name="com.example.movieapp.PlayMovieActivity"
53-->src\main\AndroidManifest.xml:38:13-46
54            android:configChanges="orientation|keyboardHidden|screenSize"
54-->src\main\AndroidManifest.xml:39:13-74
55            android:exported="false"
55-->src\main\AndroidManifest.xml:40:13-37
56            android:label="@string/title_activity_play_movie"
56-->src\main\AndroidManifest.xml:41:13-62
57            android:theme="@style/Theme.MovieApp.Fullscreen" />
57-->src\main\AndroidManifest.xml:42:13-61
58        <activity
58-->src\main\AndroidManifest.xml:43:9-46:59
59            android:name="com.example.movieapp.activity.ForgotPasswordActivity"
59-->src\main\AndroidManifest.xml:44:13-60
60            android:exported="false"
60-->src\main\AndroidManifest.xml:45:13-37
61            android:theme="@style/NetflixAppCloneTheme" />
61-->src\main\AndroidManifest.xml:46:13-56
62        <activity
62-->src\main\AndroidManifest.xml:47:9-50:59
63            android:name="com.example.movieapp.activity.MainActivity"
63-->src\main\AndroidManifest.xml:48:13-50
64            android:exported="false"
64-->src\main\AndroidManifest.xml:49:13-37
65            android:theme="@style/NetflixAppCloneTheme" />
65-->src\main\AndroidManifest.xml:50:13-56
66        <activity
66-->src\main\AndroidManifest.xml:51:9-54:59
67            android:name="com.example.movieapp.activity.RegisterActivity"
67-->src\main\AndroidManifest.xml:52:13-54
68            android:exported="false"
68-->src\main\AndroidManifest.xml:53:13-37
69            android:theme="@style/NetflixAppCloneTheme" />
69-->src\main\AndroidManifest.xml:54:13-56
70        <activity
70-->src\main\AndroidManifest.xml:55:9-58:59
71            android:name="com.example.movieapp.activity.LoginActivity"
71-->src\main\AndroidManifest.xml:56:13-51
72            android:exported="false"
72-->src\main\AndroidManifest.xml:57:13-37
73            android:theme="@style/NetflixAppCloneTheme" />
73-->src\main\AndroidManifest.xml:58:13-56
74        <activity
74-->src\main\AndroidManifest.xml:59:9-62:59
75            android:name="com.example.movieapp.activity.WelcomeScreenActivity"
75-->src\main\AndroidManifest.xml:60:13-59
76            android:exported="false"
76-->src\main\AndroidManifest.xml:61:13-37
77            android:theme="@style/NetflixAppCloneTheme" />
77-->src\main\AndroidManifest.xml:62:13-56
78        <activity
78-->src\main\AndroidManifest.xml:63:9-71:20
79            android:name="com.example.movieapp.activity.SplashScreenActivity"
79-->src\main\AndroidManifest.xml:64:13-58
80            android:exported="true" >
80-->src\main\AndroidManifest.xml:65:13-36
81            <intent-filter>
81-->src\main\AndroidManifest.xml:66:13-70:29
82                <action android:name="android.intent.action.MAIN" />
82-->src\main\AndroidManifest.xml:67:17-69
82-->src\main\AndroidManifest.xml:67:25-66
83
84                <category android:name="android.intent.category.LAUNCHER" />
84-->src\main\AndroidManifest.xml:69:17-77
84-->src\main\AndroidManifest.xml:69:27-74
85            </intent-filter>
86        </activity>
87        <!-- <activity -->
88        <!-- android:name=".activity.SplashScreenActivity" -->
89        <!-- android:exported="false" -->
90        <!-- android:theme="@style/NetflixAppCloneTheme" /> -->
91        <provider
91-->[com.squareup.picasso:picasso:2.71828] AndroidManifest.xml:8:9-11:40
92            android:name="com.squareup.picasso.PicassoProvider"
92-->[com.squareup.picasso:picasso:2.71828] AndroidManifest.xml:9:13-64
93            android:authorities="com.example.movieapp.com.squareup.picasso"
93-->[com.squareup.picasso:picasso:2.71828] AndroidManifest.xml:10:13-72
94            android:exported="false" />
94-->[com.squareup.picasso:picasso:2.71828] AndroidManifest.xml:11:13-37
95        <provider
95-->[androidx.emoji2:emoji2:1.2.0] AndroidManifest.xml:24:9-32:20
96            android:name="androidx.startup.InitializationProvider"
96-->[androidx.emoji2:emoji2:1.2.0] AndroidManifest.xml:25:13-67
97            android:authorities="com.example.movieapp.androidx-startup"
97-->[androidx.emoji2:emoji2:1.2.0] AndroidManifest.xml:26:13-68
98            android:exported="false" >
98-->[androidx.emoji2:emoji2:1.2.0] AndroidManifest.xml:27:13-37
99            <meta-data
99-->[androidx.emoji2:emoji2:1.2.0] AndroidManifest.xml:29:13-31:52
100                android:name="androidx.emoji2.text.EmojiCompatInitializer"
100-->[androidx.emoji2:emoji2:1.2.0] AndroidManifest.xml:30:17-75
101                android:value="androidx.startup" />
101-->[androidx.emoji2:emoji2:1.2.0] AndroidManifest.xml:31:17-49
102            <meta-data
102-->[androidx.lifecycle:lifecycle-process:2.6.2] AndroidManifest.xml:29:13-31:52
103                android:name="androidx.lifecycle.ProcessLifecycleInitializer"
103-->[androidx.lifecycle:lifecycle-process:2.6.2] AndroidManifest.xml:30:17-78
104                android:value="androidx.startup" />
104-->[androidx.lifecycle:lifecycle-process:2.6.2] AndroidManifest.xml:31:17-49
105            <meta-data
105-->[androidx.profileinstaller:profileinstaller:1.3.0] AndroidManifest.xml:29:13-31:52
106                android:name="androidx.profileinstaller.ProfileInstallerInitializer"
106-->[androidx.profileinstaller:profileinstaller:1.3.0] AndroidManifest.xml:30:17-85
107                android:value="androidx.startup" />
107-->[androidx.profileinstaller:profileinstaller:1.3.0] AndroidManifest.xml:31:17-49
108        </provider>
109
110        <receiver
110-->[androidx.profileinstaller:profileinstaller:1.3.0] AndroidManifest.xml:34:9-52:20
111            android:name="androidx.profileinstaller.ProfileInstallReceiver"
111-->[androidx.profileinstaller:profileinstaller:1.3.0] AndroidManifest.xml:35:13-76
112            android:directBootAware="false"
112-->[androidx.profileinstaller:profileinstaller:1.3.0] AndroidManifest.xml:36:13-44
113            android:enabled="true"
113-->[androidx.profileinstaller:profileinstaller:1.3.0] AndroidManifest.xml:37:13-35
114            android:exported="true"
114-->[androidx.profileinstaller:profileinstaller:1.3.0] AndroidManifest.xml:38:13-36
115            android:permission="android.permission.DUMP" >
115-->[androidx.profileinstaller:profileinstaller:1.3.0] AndroidManifest.xml:39:13-57
116            <intent-filter>
116-->[androidx.profileinstaller:profileinstaller:1.3.0] AndroidManifest.xml:40:13-42:29
117                <action android:name="androidx.profileinstaller.action.INSTALL_PROFILE" />
117-->[androidx.profileinstaller:profileinstaller:1.3.0] AndroidManifest.xml:41:17-91
117-->[androidx.profileinstaller:profileinstaller:1.3.0] AndroidManifest.xml:41:25-88
118            </intent-filter>
119            <intent-filter>
119-->[androidx.profileinstaller:profileinstaller:1.3.0] AndroidManifest.xml:43:13-45:29
120                <action android:name="androidx.profileinstaller.action.SKIP_FILE" />
120-->[androidx.profileinstaller:profileinstaller:1.3.0] AndroidManifest.xml:44:17-85
120-->[androidx.profileinstaller:profileinstaller:1.3.0] AndroidManifest.xml:44:25-82
121            </intent-filter>
122            <intent-filter>
122-->[androidx.profileinstaller:profileinstaller:1.3.0] AndroidManifest.xml:46:13-48:29
123                <action android:name="androidx.profileinstaller.action.SAVE_PROFILE" />
123-->[androidx.profileinstaller:profileinstaller:1.3.0] AndroidManifest.xml:47:17-88
123-->[androidx.profileinstaller:profileinstaller:1.3.0] AndroidManifest.xml:47:25-85
124            </intent-filter>
125            <intent-filter>
125-->[androidx.profileinstaller:profileinstaller:1.3.0] AndroidManifest.xml:49:13-51:29
126                <action android:name="androidx.profileinstaller.action.BENCHMARK_OPERATION" />
126-->[androidx.profileinstaller:profileinstaller:1.3.0] AndroidManifest.xml:50:17-95
126-->[androidx.profileinstaller:profileinstaller:1.3.0] AndroidManifest.xml:50:25-92
127            </intent-filter>
128        </receiver>
129    </application>
130
131</manifest>